# JRE version: OpenJDK Runtime Environment Temurin-21.0.11+10 (21.0.11+10) (build 21.0.11+10-LTS)
# Java VM: OpenJDK 64-Bit Server VM Temurin-21.0.11+10 (21.0.11+10-LTS, mixed mode, sharing, tiered, compressed oops, compressed class ptrs, parallel gc, windows-amd64)
GC Precious Log:
 CardTable entry size: 512
 CPUs: 12 total, 12 available
 Memory: 16068M
 Large Page Support: Disabled
 NUMA Support: Disabled
 Compressed Oops: Enabled (32-bit)
 Alignments: Space 512K, Generation 512K, Heap 2M
 Heap Min Capacity: 100M
 Heap Initial Capacity: 100M
 Heap Max Capacity: 2G
 Pre-touch: Disabled
 Parallel Workers: 10
Heap:
 PSYoungGen      total 3072K, used 2038K [0x00000000d5580000, 0x00000000d5a80000, 0x0000000100000000)
  eden space 1536K, 55% used [0x00000000d5580000,0x00000000d56558a8,0x00000000d5700000)
  from space 1536K, 77% used [0x00000000d5900000,0x00000000d5a28000,0x00000000d5a80000)
  to   space 1536K, 0% used [0x00000000d5780000,0x00000000d5780000,0x00000000d5900000)
 ParOldGen       total 851456K, used 851265K [0x0000000080000000, 0x00000000b3f80000, 0x00000000d5580000)
  object space 851456K, 99% used [0x0000000080000000,0x00000000b3f50638,0x00000000b3f80000)
 Metaspace       used 60099K, committed 61504K, reserved 1114112K
  class space    used 6458K, committed 7040K, reserved 1048576K
GC Heap History (20 events):
Event: 32.296 GC heap before
{Heap before GC invocations=855 (full 3):
 PSYoungGen      total 4096K, used 4087K [0x00000000d5580000, 0x00000000d5f80000, 0x0000000100000000)
  eden space 2048K, 100% used [0x00000000d5580000,0x00000000d5780000,0x00000000d5780000)
  from space 2048K, 99% used [0x00000000d5780000,0x00000000d597deb8,0x00000000d5980000)
  to   space 4096K, 0% used [0x00000000d5b80000,0x00000000d5b80000,0x00000000d5f80000)
 ParOldGen       total 837632K, used 837406K [0x0000000080000000, 0x00000000b3200000, 0x00000000d5580000)
  object space 837632K, 99% used [0x0000000080000000,0x00000000b31c7b98,0x00000000b3200000)
 Metaspace       used 60099K, committed 61504K, reserved 1114112K
  class space    used 6458K, committed 7040K, reserved 1048576K
}
Event: 32.300 GC heap after
{Heap after GC invocations=855 (full 3):
 PSYoungGen      total 4608K, used 2142K [0x00000000d5580000, 0x00000000d5e00000, 0x0000000100000000)
  eden space 2048K, 0% used [0x00000000d5580000,0x00000000d5580000,0x00000000d5780000)
  from space 2560K, 83% used [0x00000000d5b80000,0x00000000d5d97a18,0x00000000d5e00000)
  to   space 3072K, 0% used [0x00000000d5800000,0x00000000d5800000,0x00000000d5b00000)
 ParOldGen       total 839680K, used 839429K [0x0000000080000000, 0x00000000b3400000, 0x00000000d5580000)
  object space 839680K, 99% used [0x0000000080000000,0x00000000b33c1450,0x00000000b3400000)
 Metaspace       used 60099K, committed 61504K, reserved 1114112K
  class space    used 6458K, committed 7040K, reserved 1048576K
}
Event: 32.332 GC heap before
{Heap before GC invocations=856 (full 3):
 PSYoungGen      total 4608K, used 4190K [0x00000000d5580000, 0x00000000d5e00000, 0x0000000100000000)
  eden space 2048K, 100% used [0x00000000d5580000,0x00000000d5780000,0x00000000d5780000)
  from space 2560K, 83% used [0x00000000d5b80000,0x00000000d5d97a18,0x00000000d5e00000)
  to   space 3072K, 0% used [0x00000000d5800000,0x00000000d5800000,0x00000000d5b00000)
 ParOldGen       total 839680K, used 839429K [0x0000000080000000, 0x00000000b3400000, 0x00000000d5580000)
  object space 839680K, 99% used [0x0000000080000000,0x00000000b33c1450,0x00000000b3400000)
 Metaspace       used 60099K, committed 61504K, reserved 1114112K
  class space    used 6458K, committed 7040K, reserved 1048576K
}
Event: 32.336 GC heap after
{Heap after GC invocations=856 (full 3):
 PSYoungGen      total 4608K, used 2235K [0x00000000d5580000, 0x00000000d5c80000, 0x0000000100000000)
  eden space 2048K, 0% used [0x00000000d5580000,0x00000000d5580000,0x00000000d5780000)
  from space 2560K, 87% used [0x00000000d5800000,0x00000000d5a2ef70,0x00000000d5a80000)
  to   space 2048K, 0% used [0x00000000d5a80000,0x00000000d5a80000,0x00000000d5c80000)
 ParOldGen       total 841728K, used 841462K [0x0000000080000000, 0x00000000b3600000, 0x00000000d5580000)
  object space 841728K, 99% used [0x0000000080000000,0x00000000b35bd898,0x00000000b3600000)
 Metaspace       used 60099K, committed 61504K, reserved 1114112K
  class space    used 6458K, committed 7040K, reserved 1048576K
}
Event: 32.379 GC heap before
{Heap before GC invocations=857 (full 3):
 PSYoungGen      total 4608K, used 4283K [0x00000000d5580000, 0x00000000d5c80000, 0x0000000100000000)
  eden space 2048K, 100% used [0x00000000d5580000,0x00000000d5780000,0x00000000d5780000)
  from space 2560K, 87% used [0x00000000d5800000,0x00000000d5a2ef70,0x00000000d5a80000)
  to   space 2048K, 0% used [0x00000000d5a80000,0x00000000d5a80000,0x00000000d5c80000)
 ParOldGen       total 841728K, used 841462K [0x0000000080000000, 0x00000000b3600000, 0x00000000d5580000)
  object space 841728K, 99% used [0x0000000080000000,0x00000000b35bd898,0x00000000b3600000)
 Metaspace       used 60099K, committed 61504K, reserved 1114112K
  class space    used 6458K, committed 7040K, reserved 1048576K
}
Event: 32.384 GC heap after
{Heap after GC invocations=857 (full 3):
 PSYoungGen      total 2560K, used 2023K [0x00000000d5580000, 0x00000000d6080000, 0x0000000100000000)
  eden space 512K, 0% used [0x00000000d5580000,0x00000000d5580000,0x00000000d5600000)
  from space 2048K, 98% used [0x00000000d5a80000,0x00000000d5c79fa0,0x00000000d5c80000)
  to   space 4608K, 0% used [0x00000000d5600000,0x00000000d5600000,0x00000000d5a80000)
 ParOldGen       total 843776K, used 843583K [0x0000000080000000, 0x00000000b3800000, 0x00000000d5580000)
  object space 843776K, 99% used [0x0000000080000000,0x00000000b37cfc68,0x00000000b3800000)
 Metaspace       used 60099K, committed 61504K, reserved 1114112K
  class space    used 6458K, committed 7040K, reserved 1048576K
}
Event: 32.394 GC heap before
{Heap before GC invocations=858 (full 3):
 PSYoungGen      total 2560K, used 2535K [0x00000000d5580000, 0x00000000d6080000, 0x0000000100000000)
  eden space 512K, 100% used [0x00000000d5580000,0x00000000d5600000,0x00000000d5600000)
  from space 2048K, 98% used [0x00000000d5a80000,0x00000000d5c79fa0,0x00000000d5c80000)
  to   space 4608K, 0% used [0x00000000d5600000,0x00000000d5600000,0x00000000d5a80000)
 ParOldGen       total 843776K, used 843583K [0x0000000080000000, 0x00000000b3800000, 0x00000000d5580000)
  object space 843776K, 99% used [0x0000000080000000,0x00000000b37cfc68,0x00000000b3800000)
 Metaspace       used 60099K, committed 61504K, reserved 1114112K
  class space    used 6458K, committed 7040K, reserved 1048576K
}
Event: 32.398 GC heap after
{Heap after GC invocations=858 (full 3):
 PSYoungGen      total 1536K, used 627K [0x00000000d5580000, 0x00000000d5b00000, 0x0000000100000000)
  eden space 512K, 0% used [0x00000000d5580000,0x00000000d5580000,0x00000000d5600000)
  from space 1024K, 61% used [0x00000000d5600000,0x00000000d569cfd0,0x00000000d5700000)
  to   space 2048K, 0% used [0x00000000d5900000,0x00000000d5900000,0x00000000d5b00000)
 ParOldGen       total 845824K, used 845625K [0x0000000080000000, 0x00000000b3a00000, 0x00000000d5580000)
  object space 845824K, 99% used [0x0000000080000000,0x00000000b39ce618,0x00000000b3a00000)
 Metaspace       used 60099K, committed 61504K, reserved 1114112K
  class space    used 6458K, committed 7040K, reserved 1048576K
}
Event: 32.417 GC heap before
{Heap before GC invocations=859 (full 3):
 PSYoungGen      total 1536K, used 1139K [0x00000000d5580000, 0x00000000d5b00000, 0x0000000100000000)
  eden space 512K, 100% used [0x00000000d5580000,0x00000000d5600000,0x00000000d5600000)
  from space 1024K, 61% used [0x00000000d5600000,0x00000000d569cfd0,0x00000000d5700000)
  to   space 2048K, 0% used [0x00000000d5900000,0x00000000d5900000,0x00000000d5b00000)
 ParOldGen       total 847872K, used 847137K [0x0000000080000000, 0x00000000b3c00000, 0x00000000d5580000)
  object space 847872K, 99% used [0x0000000080000000,0x00000000b3b48618,0x00000000b3c00000)
 Metaspace       used 60099K, committed 61504K, reserved 1114112K
  class space    used 6458K, committed 7040K, reserved 1048576K
}
Event: 32.420 GC heap after
{Heap after GC invocations=859 (full 3):
 PSYoungGen      total 1536K, used 707K [0x00000000d5580000, 0x00000000d5a00000, 0x0000000100000000)
  eden space 512K, 0% used [0x00000000d5580000,0x00000000d5580000,0x00000000d5600000)
  from space 1024K, 69% used [0x00000000d5900000,0x00000000d59b0ee8,0x00000000d5a00000)
  to   space 1024K, 0% used [0x00000000d5600000,0x00000000d5600000,0x00000000d5700000)
 ParOldGen       total 847872K, used 847665K [0x0000000080000000, 0x00000000b3c00000, 0x00000000d5580000)
  object space 847872K, 99% used [0x0000000080000000,0x00000000b3bcc5e0,0x00000000b3c00000)
 Metaspace       used 60099K, committed 61504K, reserved 1114112K
  class space    used 6458K, committed 7040K, reserved 1048576K
}
Event: 32.430 GC heap before
{Heap before GC invocations=860 (full 3):
 PSYoungGen      total 1536K, used 1219K [0x00000000d5580000, 0x00000000d5a00000, 0x0000000100000000)
  eden space 512K, 100% used [0x00000000d5580000,0x00000000d5600000,0x00000000d5600000)
  from space 1024K, 69% used [0x00000000d5900000,0x00000000d59b0ee8,0x00000000d5a00000)
  to   space 1024K, 0% used [0x00000000d5600000,0x00000000d5600000,0x00000000d5700000)
 ParOldGen       total 847872K, used 847665K [0x0000000080000000, 0x00000000b3c00000, 0x00000000d5580000)
  object space 847872K, 99% used [0x0000000080000000,0x00000000b3bcc5e0,0x00000000b3c00000)
 Metaspace       used 60099K, committed 61504K, reserved 1114112K
  class space    used 6458K, committed 7040K, reserved 1048576K
}
Event: 32.433 GC heap after
{Heap after GC invocations=860 (full 3):
 PSYoungGen      total 1536K, used 608K [0x00000000d5580000, 0x00000000d5980000, 0x0000000100000000)
  eden space 512K, 0% used [0x00000000d5580000,0x00000000d5580000,0x00000000d5600000)
  from space 1024K, 59% used [0x00000000d5600000,0x00000000d5698000,0x00000000d5700000)
  to   space 1024K, 0% used [0x00000000d5880000,0x00000000d5880000,0x00000000d5980000)
 ParOldGen       total 848384K, used 848201K [0x0000000080000000, 0x00000000b3c80000, 0x00000000d5580000)
  object space 848384K, 99% used [0x0000000080000000,0x00000000b3c52498,0x00000000b3c80000)
 Metaspace       used 60099K, committed 61504K, reserved 1114112K
  class space    used 6458K, committed 7040K, reserved 1048576K
}
Event: 32.442 GC heap before
{Heap before GC invocations=861 (full 3):
 PSYoungGen      total 1536K, used 1067K [0x00000000d5580000, 0x00000000d5980000, 0x0000000100000000)
  eden space 512K, 89% used [0x00000000d5580000,0x00000000d55f2f88,0x00000000d5600000)
  from space 1024K, 59% used [0x00000000d5600000,0x00000000d5698000,0x00000000d5700000)
  to   space 1024K, 0% used [0x00000000d5880000,0x00000000d5880000,0x00000000d5980000)
 ParOldGen       total 848384K, used 848201K [0x0000000080000000, 0x00000000b3c80000, 0x00000000d5580000)
  object space 848384K, 99% used [0x0000000080000000,0x00000000b3c52498,0x00000000b3c80000)
 Metaspace       used 60099K, committed 61504K, reserved 1114112K
  class space    used 6458K, committed 7040K, reserved 1048576K
}
Event: 32.444 GC heap after
{Heap after GC invocations=861 (full 3):
 PSYoungGen      total 1536K, used 608K [0x00000000d5580000, 0x00000000d5980000, 0x0000000100000000)
  eden space 512K, 0% used [0x00000000d5580000,0x00000000d5580000,0x00000000d5600000)
  from space 1024K, 59% used [0x00000000d5880000,0x00000000d5918000,0x00000000d5980000)
  to   space 1024K, 0% used [0x00000000d5600000,0x00000000d5600000,0x00000000d5700000)
 ParOldGen       total 848896K, used 848741K [0x0000000080000000, 0x00000000b3d00000, 0x00000000d5580000)
  object space 848896K, 99% used [0x0000000080000000,0x00000000b3cd9458,0x00000000b3d00000)
 Metaspace       used 60099K, committed 61504K, reserved 1114112K
  class space    used 6458K, committed 7040K, reserved 1048576K
}
Event: 32.450 GC heap before
{Heap before GC invocations=862 (full 3):
 PSYoungGen      total 1536K, used 1120K [0x00000000d5580000, 0x00000000d5980000, 0x0000000100000000)
  eden space 512K, 100% used [0x00000000d5580000,0x00000000d5600000,0x00000000d5600000)
  from space 1024K, 59% used [0x00000000d5880000,0x00000000d5918000,0x00000000d5980000)
  to   space 1024K, 0% used [0x00000000d5600000,0x00000000d5600000,0x00000000d5700000)
 ParOldGen       total 848896K, used 848741K [0x0000000080000000, 0x00000000b3d00000, 0x00000000d5580000)
  object space 848896K, 99% used [0x0000000080000000,0x00000000b3cd9458,0x00000000b3d00000)
 Metaspace       used 60099K, committed 61504K, reserved 1114112K
  class space    used 6458K, committed 7040K, reserved 1048576K
}
Event: 32.453 GC heap after
{Heap after GC invocations=862 (full 3):
 PSYoungGen      total 1536K, used 667K [0x00000000d5580000, 0x00000000d5900000, 0x0000000100000000)
  eden space 512K, 0% used [0x00000000d5580000,0x00000000d5580000,0x00000000d5600000)
  from space 1024K, 65% used [0x00000000d5600000,0x00000000d56a6d50,0x00000000d5700000)
  to   space 1024K, 0% used [0x00000000d5800000,0x00000000d5800000,0x00000000d5900000)
 ParOldGen       total 849408K, used 849225K [0x0000000080000000, 0x00000000b3d80000, 0x00000000d5580000)
  object space 849408K, 99% used [0x0000000080000000,0x00000000b3d52418,0x00000000b3d80000)
 Metaspace       used 60099K, committed 61504K, reserved 1114112K
  class space    used 6458K, committed 7040K, reserved 1048576K
}
Event: 32.463 GC heap before
{Heap before GC invocations=863 (full 3):
 PSYoungGen      total 1536K, used 1179K [0x00000000d5580000, 0x00000000d5900000, 0x0000000100000000)
  eden space 512K, 100% used [0x00000000d5580000,0x00000000d5600000,0x00000000d5600000)
  from space 1024K, 65% used [0x00000000d5600000,0x00000000d56a6d50,0x00000000d5700000)
  to   space 1024K, 0% used [0x00000000d5800000,0x00000000d5800000,0x00000000d5900000)
 ParOldGen       total 849408K, used 849225K [0x0000000080000000, 0x00000000b3d80000, 0x00000000d5580000)
  object space 849408K, 99% used [0x0000000080000000,0x00000000b3d52418,0x00000000b3d80000)
 Metaspace       used 60099K, committed 61504K, reserved 1114112K
  class space    used 6458K, committed 7040K, reserved 1048576K
}
Event: 32.466 GC heap after
{Heap after GC invocations=863 (full 3):
 PSYoungGen      total 2048K, used 659K [0x00000000d5580000, 0x00000000d5900000, 0x0000000100000000)
  eden space 1024K, 0% used [0x00000000d5580000,0x00000000d5580000,0x00000000d5680000)
  from space 1024K, 64% used [0x00000000d5800000,0x00000000d58a4fd0,0x00000000d5900000)
  to   space 1024K, 0% used [0x00000000d5700000,0x00000000d5700000,0x00000000d5800000)
 ParOldGen       total 849920K, used 849761K [0x0000000080000000, 0x00000000b3e00000, 0x00000000d5580000)
  object space 849920K, 99% used [0x0000000080000000,0x00000000b3dd86b8,0x00000000b3e00000)
 Metaspace       used 60099K, committed 61504K, reserved 1114112K
  class space    used 6458K, committed 7040K, reserved 1048576K
}
Event: 32.487 GC heap before
{Heap before GC invocations=864 (full 3):
 PSYoungGen      total 2048K, used 1683K [0x00000000d5580000, 0x00000000d5900000, 0x0000000100000000)
  eden space 1024K, 99% used [0x00000000d5580000,0x00000000d567ff50,0x00000000d5680000)
  from space 1024K, 64% used [0x00000000d5800000,0x00000000d58a4fd0,0x00000000d5900000)
  to   space 1024K, 0% used [0x00000000d5700000,0x00000000d5700000,0x00000000d5800000)
 ParOldGen       total 849920K, used 849761K [0x0000000080000000, 0x00000000b3e00000, 0x00000000d5580000)
  object space 849920K, 99% used [0x0000000080000000,0x00000000b3dd86b8,0x00000000b3e00000)
 Metaspace       used 60099K, committed 61504K, reserved 1114112K
  class space    used 6458K, committed 7040K, reserved 1048576K
}
Event: 32.492 GC heap after
{Heap after GC invocations=864 (full 3):
 PSYoungGen      total 2560K, used 1011K [0x00000000d5580000, 0x00000000d5b00000, 0x0000000100000000)
  eden space 1536K, 0% used [0x00000000d5580000,0x00000000d5580000,0x00000000d5700000)
  from space 1024K, 98% used [0x00000000d5700000,0x00000000d57fcfd0,0x00000000d5800000)
  to   space 2048K, 0% used [0x00000000d5900000,0x00000000d5900000,0x00000000d5b00000)
 ParOldGen       total 850432K, used 850333K [0x0000000080000000, 0x00000000b3e80000, 0x00000000d5580000)
  object space 850432K, 99% used [0x0000000080000000,0x00000000b3e67678,0x00000000b3e80000)
 Metaspace       used 60099K, committed 61504K, reserved 1114112K
  class space    used 6458K, committed 7040K, reserved 1048576K
}

